<?xml version="1.0" encoding="UTF-8"?>
<!-- Generated by org.testng.reporters.JUnitReportReporter -->
<testsuite hostname="DESKTOP-OMGE8E1" failures="0" tests="2" name="com.ninza.hrm.api.projecttest.ProjectTest" time="2.515" errors="0" timestamp="2024-12-07T13:25:35 IST" skipped="0">
  <testcase classname="com.ninza.hrm.api.projecttest.ProjectTest" name="addSingleProjectWithCreated" time="2.067"/>
  <testcase classname="com.ninza.hrm.api.projecttest.ProjectTest" name="createDuplicateProjectTest" time="0.448"/>
</testsuite> <!-- com.ninza.hrm.api.projecttest.ProjectTest -->
