<?xml version="1.0" encoding="UTF-8"?>
<!-- Generated by org.testng.reporters.JUnitReportReporter -->
<testsuite hostname="DESKTOP-OMGE8E1" failures="0" tests="2" name="com.ninza.hrm.api.employetest.EmployeeTest" time="5.922" errors="0" timestamp="2024-12-07T13:25:35 IST" skipped="0">
  <testcase classname="com.ninza.hrm.api.employetest.EmployeeTest" name="addEmployeeWithoutEmailTest" time="1.087"/>
  <testcase classname="com.ninza.hrm.api.employetest.EmployeeTest" name="addEmployeeTest" time="4.835"/>
</testsuite> <!-- com.ninza.hrm.api.employetest.EmployeeTest -->
